Using pre-set license
Built from '2021.1/staging' branch; Version is '2021.1.6f1 (c0fade0cc7e9) revision 12647134'; Using compiler version '192528614'; Build Type 'Release'
OS: 'Windows 10 Home; OS build 19042.985; Version 2009; 64bit' Language: 'en' Physical Memory: 16182 MB
BatchMode: 1, IsHumanControllingUs: 0, StartBugReporterOnCrash: 0, Is64bit: 1, IsPro: 0

 COMMAND LINE ARGUMENTS:
C:\Program Files\Unity\Hub\Editor\2021.1.6f1\Editor\Unity.exe
-adb2
-batchMode
-noUpm
-name
AssetImportWorker0
-projectPath
C:/Orbital/Neontera
-logFile
Logs/AssetImportWorker0.log
-srvPort
59269
Successfully changed project path to: C:/Orbital/Neontera
C:/Orbital/Neontera
Using Asset Import Pipeline V2.
Refreshing native plugins compatible for Editor in 189.04 ms, found 2 plugins.
Preloading 0 native plugins for Editor in 0.00 ms.
Initialize engine version: 2021.1.6f1 (c0fade0cc7e9)
[Subsystems] Discovering subsystems at path C:/Program Files/Unity/Hub/Editor/2021.1.6f1/Editor/Data/Resources/UnitySubsystems
[Subsystems] Discovering subsystems at path C:/Orbital/Neontera/Assets
GfxDevice: creating device client; threaded=0; jobified=0
Direct3D:
    Version:  Direct3D 11.0 [level 11.1]
    Renderer: NVIDIA GeForce GTX 1650 with Max-Q Design (ID=0x1f91)
    Vendor:   NVIDIA
    VRAM:     3964 MB
    Driver:   27.21.14.5763
Initialize mono
Mono path[0] = 'C:/Program Files/Unity/Hub/Editor/2021.1.6f1/Editor/Data/Managed'
Mono path[1] = 'C:/Program Files/Unity/Hub/Editor/2021.1.6f1/Editor/Data/MonoBleedingEdge/lib/mono/unityjit'
Mono config path = 'C:/Program Files/Unity/Hub/Editor/2021.1.6f1/Editor/Data/MonoBleedingEdge/etc'
Using monoOptions --debugger-agent=transport=dt_socket,embedding=1,server=y,suspend=n,address=127.0.0.1:56564
Begin MonoManager ReloadAssembly
Registering precompiled unity dll's ...
Register platform support module: C:/Program Files/Unity/Hub/Editor/2021.1.6f1/Editor/Data/PlaybackEngines/WindowsStandaloneSupport/UnityEditor.WindowsStandalone.Extensions.dll
Registered in 0.003660 seconds.
Native extension for WindowsStandalone target not found
Refreshing native plugins compatible for Editor in 215.79 ms, found 2 plugins.
Preloading 0 native plugins for Editor in 0.00 ms.
Mono: successfully reloaded assembly
- Completed reload, in  2.197 seconds
Platform modules already initialized, skipping
Registering precompiled user dll's ...
Registered in 0.006440 seconds.
Begin MonoManager ReloadAssembly
Native extension for WindowsStandalone target not found
Refreshing native plugins compatible for Editor in 191.99 ms, found 2 plugins.
Preloading 0 native plugins for Editor in 0.00 ms.
Mono: successfully reloaded assembly
- Completed reload, in  2.043 seconds
Platform modules already initialized, skipping
========================================================================
Worker process is ready to serve import requests
Launched and connected shader compiler UnityShaderCompiler.exe after 0.06 seconds
Refreshing native plugins compatible for Editor in 1.72 ms, found 2 plugins.
Preloading 0 native plugins for Editor in 0.00 ms.
Unloading 3394 Unused Serialized files (Serialized files now loaded: 0)
System memory in use before: 130.7 MB.
System memory in use after: 130.9 MB.

Unloading 24 unused Assets to reduce memory usage. Loaded Objects now: 3851.
Total: 4.458100 ms (FindLiveObjects: 0.450900 ms CreateObjectMapping: 0.241800 ms MarkObjects: 3.661400 ms  DeleteObjects: 0.101900 ms)

========================================================================
Received Import Request.
  path: Assets/Scenes/StartMenu.unity
  artifactKey: Guid(6bcf7d6f2e578774b952906a4aeb662f) Importer(815301076,1909f56bfc062723c751e8b465ee728b)
Start importing Assets/Scenes/StartMenu.unity using Guid(6bcf7d6f2e578774b952906a4aeb662f) Importer(815301076,1909f56bfc062723c751e8b465ee728b)  -> (artifact id: 'd9de7b5282392e4498df3326b984c9e2') in 0.024938 seconds 
========================================================================
Received Import Request.
  Time since last request: 0.000276 seconds.
  path: Assets/Scenes/GameMenu.unity
  artifactKey: Guid(e405be59c4049ea4baaf847c1b51f17b) Importer(815301076,1909f56bfc062723c751e8b465ee728b)
Start importing Assets/Scenes/GameMenu.unity using Guid(e405be59c4049ea4baaf847c1b51f17b) Importer(815301076,1909f56bfc062723c751e8b465ee728b)  -> (artifact id: '3103e61cc59c1af7ac321e9572a6a828') in 0.011091 seconds 
========================================================================
Received Import Request.
  Time since last request: 0.000243 seconds.
  path: Assets/Tilemaps/Grassfield.prefab
  artifactKey: Guid(6014d1e7f6a31f649bfc57608a47920e) Importer(815301076,1909f56bfc062723c751e8b465ee728b)
Start importing Assets/Tilemaps/Grassfield.prefab using Guid(6014d1e7f6a31f649bfc57608a47920e) Importer(815301076,1909f56bfc062723c751e8b465ee728b)  -> (artifact id: '2496e80ba46214afee7c999a078b7a99') in 0.063221 seconds 
========================================================================
Received Import Request.
  Time since last request: 0.000276 seconds.
  path: Assets/Tilemaps/Soil Purple.asset
  artifactKey: Guid(1b7013dcc6e420748942c6e209b6e77e) Importer(815301076,1909f56bfc062723c751e8b465ee728b)
Start importing Assets/Tilemaps/Soil Purple.asset using Guid(1b7013dcc6e420748942c6e209b6e77e) Importer(815301076,1909f56bfc062723c751e8b465ee728b)  -> (artifact id: '5955aa40cc217d03c42703c07be9df73') in 0.080632 seconds 
========================================================================
Received Import Request.
  Time since last request: 2.364488 seconds.
  path: Assets/Scenes/IntroductionLevel.unity
  artifactKey: Guid(3d35c3b2144975c4c819c17dab672978) Importer(815301076,1909f56bfc062723c751e8b465ee728b)
Start importing Assets/Scenes/IntroductionLevel.unity using Guid(3d35c3b2144975c4c819c17dab672978) Importer(815301076,1909f56bfc062723c751e8b465ee728b)  -> (artifact id: '4fbd69f25d5649cf661ec828ab50d928') in 0.009845 seconds 
